Swapping PrgEnv-pgi for PrgEnv-gnu
R version 5.2.82
Parallel Batch Use (see r-pbd.org) via mpirun Rscript.
Example: aprun -n 2 Rscript myscript.r
OMP_NUM_THREADS set to 1. Change as needed to use Cray SciLib.
START 1527465126
[1] 1
[1] 2
[1] 3
[1] 4
[1] 5
[1] 6
[1] 7
[1] 8
[1] 9
[1] 10
[1] 11
[1] 12
[1] 13
[1] 14
[1] 15
[1] 16
[1] 17
[1] 18
[1] 19
[1] 20
[1] 21
[1] 22
[1] 23
[1] 24
[1] 25
[1] 26
[1] 27
[1] 28
[1] 29
[1] 30
[1] 31
[1] 32
[1] "read all"
[1] "about to rcv  0 25"
[1] 934 934   8
[1] "about to rcv  0 24"
[1] 621 621   8
[1] "about to rcv  0 23"
[1] 243 243   8
[1] "about to rcv  0 22"
[1] 416 416   8
[1] "about to rcv  0 21"
[1] 671 671   8
[1] "about to rcv  0 20"
[1] 151 151   8
[1] "about to rcv  0 19"
[1] 914 914   8
[1] "about to rcv  0 18"
[1] 299 299   8
[1] "about to rcv  0 17"
[1] 572 572   8
There were 50 or more warnings (use warnings() to see the first 50)
There were 50 or more warnings (use warnings() to see the first 50)
There were 50 or more warnings (use warnings() to see the first 50)
There were 50 or more warnings (use warnings() to see the first 50)
There were 50 or more warnings (use warnings() to see the first 50)
There were 50 or more warnings (use warnings() to see the first 50)
There were 50 or more warnings (use warnings() to see the first 50)
There were 50 or more warnings (use warnings() to see the first 50)
There were 50 or more warnings (use warnings() to see the first 50)
There were 50 or more warnings (use warnings() to see the first 50)
There were 50 or more warnings (use warnings() to see the first 50)There were 50 or more warnings (use warnings() to see the first 50)

There were 50 or more warnings (use warnings() to see the first 50)
There were 50 or more warnings (use warnings() to see the first 50)
There were 50 or more warnings (use warnings() to see the first 50)
There were 50 or more warnings (use warnings() to see the first 50)
There were 50 or more warnings (use warnings() to see the first 50)
There were 50 or more warnings (use warnings() to see the first 50)
Warning message:
In FUN(newX[, i], ...) : no non-missing arguments to max; returning -Inf
There were 50 or more warnings (use warnings() to see the first 50)
There were 50 or more warnings (use warnings() to see the first 50)
There were 50 or more warnings (use warnings() to see the first 50)
There were 50 or more warnings (use warnings() to see the first 50)
There were 50 or more warnings (use warnings() to see the first 50)
[1] "Finished computing"
[NID 06988] 2018-05-27 19:55:02 Apid 17463680: initiated application termination
Application 17463680 resources: utime ~352s, stime ~14s, Rss ~704180, inblocks ~319579, outblocks ~64516
END 1527465304
